  #N    eigenvalue  difference    twstat      p-value effect. n
   1      5.673028          NA    13.145  1.17602e-15    60.106
   2      4.445142   -1.227886    20.024  7.59313e-28   101.399
   3      2.174567   -2.270576    10.292  2.17171e-11   243.670
   4      1.743260   -0.431307     5.577  5.64185e-06   304.751
   5      1.545026   -0.198233     3.250   0.00104568   345.064
   6      1.325417   -0.219609    -1.266     0.499339   377.018
   7      1.275327   -0.050090    -1.590     0.602233   389.243
   8      1.210664   -0.064662    -2.545     0.857752   400.759
   9      1.190185   -0.020480    -2.147     0.765577   408.647
  10      1.134034   -0.056151    -3.024     0.933271   418.679
  11      1.102025   -0.032009    -3.184     0.950342   425.024
  12      1.066625   -0.035399    -3.530     0.975778   430.776
  13      1.056799   -0.009826    -2.939     0.922602   434.963
  14      1.034516   -0.022283    -2.767     0.897598   442.185
  15      1.004447   -0.030069    -2.915     0.919454   450.575
  16      0.983174   -0.021273    -2.740     0.893204   458.360
  17      0.958231   -0.024943    -2.718     0.889553   467.467
  18      0.903146   -0.055085    -4.096     0.994208   477.031
  19      0.894545   -0.008601    -3.596     0.979145   477.654
  20      0.870808   -0.023737    -3.737     0.985063   481.240
  21      0.851351   -0.019457    -3.715     0.984258   483.605
  22      0.844965   -0.006386    -3.068      0.93839   485.803
  23      0.814417   -0.030548    -3.515     0.974936   492.948
  24      0.785930   -0.028487    -3.970     0.991793   496.100
  25      0.757174   -0.028756    -4.539      0.99852   494.831
  26      0.749524   -0.007650    -4.119     0.994575   487.936
  27      0.738290   -0.011234    -3.826     0.988056   483.658
  28      0.722469   -0.015821    -3.733     0.984913   481.193
  29      0.722179   -0.000290    -2.807     0.903873   478.697
  30      0.699175   -0.023005    -2.916     0.919603   486.368
  31      0.680935   -0.018240    -2.815     0.904998   492.168
  32      0.671816   -0.009119    -2.190     0.776699   498.877
  33      0.644614   -0.027201    -2.466     0.841477   516.186
  34      0.615936   -0.028679    -2.965     0.926036   528.372
  35      0.612490   -0.003446    -2.076     0.746665   529.457
  36      0.578419   -0.034071    -2.874     0.913777   550.368
  37      0.562897   -0.015521    -2.765     0.897148   549.269
  38      0.553935   -0.008962    -2.205     0.780565   548.101
  39      0.547380   -0.006555    -1.291     0.507184   562.594
  40      0.506165   -0.041215    -2.448     0.837724   621.697
  41      0.492971   -0.013194        NA           NA        NA
  42      0.485677   -0.007294        NA           NA        NA
  43      0.461401   -0.024276        NA           NA        NA
  44      0.447220   -0.014181        NA           NA        NA
  45      0.416375   -0.030845        NA           NA        NA
  46      0.396539   -0.019836        NA           NA        NA
  47      0.359258   -0.037281        NA           NA        NA
  48      0.353754   -0.005505        NA           NA        NA
  49      0.335778   -0.017976        NA           NA        NA
